mode: set
eastbay-overland-rally-planner/internal/adapters/httpapi/router.go:17.60,26.65 5 0
eastbay-overland-rally-planner/internal/adapters/httpapi/router.go:26.65,29.3 2 0
eastbay-overland-rally-planner/internal/adapters/httpapi/router.go:34.2,35.10 2 0
eastbay-overland-rally-planner/internal/adapters/httpapi/strict_unimplemented.go:15.46,20.2 4 0
eastbay-overland-rally-planner/internal/adapters/httpapi/strict_unimplemented.go:22.134,25.2 2 0
eastbay-overland-rally-planner/internal/adapters/httpapi/strict_unimplemented.go:27.143,30.2 2 0
eastbay-overland-rally-planner/internal/adapters/httpapi/strict_unimplemented.go:32.155,35.2 2 0
eastbay-overland-rally-planner/internal/adapters/httpapi/strict_unimplemented.go:37.164,40.2 2 0
eastbay-overland-rally-planner/internal/adapters/httpapi/strict_unimplemented.go:42.140,45.2 2 0
eastbay-overland-rally-planner/internal/adapters/httpapi/strict_unimplemented.go:47.176,50.2 2 0
eastbay-overland-rally-planner/internal/adapters/httpapi/strict_unimplemented.go:52.146,55.2 2 0
eastbay-overland-rally-planner/internal/adapters/httpapi/strict_unimplemented.go:57.149,60.2 2 0
eastbay-overland-rally-planner/internal/adapters/httpapi/strict_unimplemented.go:62.143,65.2 2 0
eastbay-overland-rally-planner/internal/adapters/httpapi/strict_unimplemented.go:67.131,70.2 2 0
eastbay-overland-rally-planner/internal/adapters/httpapi/strict_unimplemented.go:72.131,75.2 2 0
eastbay-overland-rally-planner/internal/adapters/httpapi/strict_unimplemented.go:77.167,80.2 2 0
eastbay-overland-rally-planner/internal/adapters/httpapi/strict_unimplemented.go:82.149,85.2 2 0
eastbay-overland-rally-planner/internal/adapters/httpapi/strict_unimplemented.go:87.158,90.2 2 0
eastbay-overland-rally-planner/internal/adapters/httpapi/strict_unimplemented.go:92.134,95.2 2 0
eastbay-overland-rally-planner/internal/adapters/httpapi/strict_unimplemented.go:97.128,100.2 2 0
eastbay-overland-rally-planner/internal/adapters/httpapi/strict_unimplemented.go:102.149,105.2 2 0
eastbay-overland-rally-planner/internal/adapters/httpapi/strict_unimplemented.go:107.155,110.2 2 0
eastbay-overland-rally-planner/cmd/api/main.go:15.13,31.12 6 0
eastbay-overland-rally-planner/cmd/api/main.go:31.12,33.77 2 0
eastbay-overland-rally-planner/cmd/api/main.go:33.77,35.4 1 0
eastbay-overland-rally-planner/cmd/api/main.go:38.2,42.31 5 0
eastbay-overland-rally-planner/cmd/api/main.go:45.35,46.32 1 0
eastbay-overland-rally-planner/cmd/api/main.go:46.32,48.3 1 0
eastbay-overland-rally-planner/cmd/api/main.go:49.2,49.12 1 0
eastbay-overland-rally-planner/internal/adapters/httpapi/oas/api.gen.go:476.102,478.2 1 0
eastbay-overland-rally-planner/internal/adapters/httpapi/oas/api.gen.go:482.79,484.2 1 0
eastbay-overland-rally-planner/internal/adapters/httpapi/oas/api.gen.go:488.83,490.2 1 0
eastbay-overland-rally-planner/internal/adapters/httpapi/oas/api.gen.go:494.122,496.2 1 0
eastbay-overland-rally-planner/internal/adapters/httpapi/oas/api.gen.go:500.106,502.2 1 0
eastbay-overland-rally-planner/internal/adapters/httpapi/oas/api.gen.go:506.90,508.2 1 0
eastbay-overland-rally-planner/internal/adapters/httpapi/oas/api.gen.go:512.110,514.2 1 0
eastbay-overland-rally-planner/internal/adapters/httpapi/oas/api.gen.go:518.81,520.2 1 0
eastbay-overland-rally-planner/internal/adapters/httpapi/oas/api.gen.go:524.94,526.2 1 0
eastbay-overland-rally-planner/internal/adapters/httpapi/oas/api.gen.go:530.115,532.2 1 0
eastbay-overland-rally-planner/internal/adapters/httpapi/oas/api.gen.go:536.115,538.2 1 0
eastbay-overland-rally-planner/internal/adapters/httpapi/oas/api.gen.go:542.139,544.2 1 0
eastbay-overland-rally-planner/internal/adapters/httpapi/oas/api.gen.go:548.127,550.2 1 0
eastbay-overland-rally-planner/internal/adapters/httpapi/oas/api.gen.go:554.152,556.2 1 0
eastbay-overland-rally-planner/internal/adapters/httpapi/oas/api.gen.go:560.91,562.2 1 0
eastbay-overland-rally-planner/internal/adapters/httpapi/oas/api.gen.go:566.113,568.2 1 0
eastbay-overland-rally-planner/internal/adapters/httpapi/oas/api.gen.go:572.96,574.2 1 0
eastbay-overland-rally-planner/internal/adapters/httpapi/oas/api.gen.go:578.98,580.2 1 0
eastbay-overland-rally-planner/internal/adapters/httpapi/oas/api.gen.go:592.88,608.16 7 0
eastbay-overland-rally-planner/internal/adapters/httpapi/oas/api.gen.go:608.16,611.3 2 0
eastbay-overland-rally-planner/internal/adapters/httpapi/oas/api.gen.go:613.2,613.88 1 0
eastbay-overland-rally-planner/internal/adapters/httpapi/oas/api.gen.go:613.88,615.3 1 0
eastbay-overland-rally-planner/internal/adapters/httpapi/oas/api.gen.go:617.2,617.52 1 0
eastbay-overland-rally-planner/internal/adapters/httpapi/oas/api.gen.go:617.52,619.3 1 0
eastbay-overland-rally-planner/internal/adapters/httpapi/oas/api.gen.go:621.2,621.25 1 0
eastbay-overland-rally-planner/internal/adapters/httpapi/oas/api.gen.go:625.91,633.88 4 0
eastbay-overland-rally-planner/internal/adapters/httpapi/oas/api.gen.go:633.88,635.3 1 0
eastbay-overland-rally-planner/internal/adapters/httpapi/oas/api.gen.go:637.2,637.52 1 0
eastbay-overland-rally-planner/internal/adapters/httpapi/oas/api.gen.go:637.52,639.3 1 0
eastbay-overland-rally-planner/internal/adapters/httpapi/oas/api.gen.go:641.2,641.25 1 0
eastbay-overland-rally-planner/internal/adapters/httpapi/oas/api.gen.go:645.95,653.88 4 0
eastbay-overland-rally-planner/internal/adapters/httpapi/oas/api.gen.go:653.88,655.3 1 0
eastbay-overland-rally-planner/internal/adapters/httpapi/oas/api.gen.go:657.2,657.52 1 0
eastbay-overland-rally-planner/internal/adapters/httpapi/oas/api.gen.go:657.52,659.3 1 0
eastbay-overland-rally-planner/internal/adapters/httpapi/oas/api.gen.go:661.2,661.25 1 0
eastbay-overland-rally-planner/internal/adapters/httpapi/oas/api.gen.go:665.98,681.84 7 0
eastbay-overland-rally-planner/internal/adapters/httpapi/oas/api.gen.go:681.84,684.13 3 0
eastbay-overland-rally-planner/internal/adapters/httpapi/oas/api.gen.go:684.13,687.4 2 0
eastbay-overland-rally-planner/internal/adapters/httpapi/oas/api.gen.go:689.3,690.17 2 0
eastbay-overland-rally-planner/internal/adapters/httpapi/oas/api.gen.go:690.17,693.4 2 0
eastbay-overland-rally-planner/internal/adapters/httpapi/oas/api.gen.go:695.3,695.41 1 0
eastbay-overland-rally-planner/internal/adapters/httpapi/oas/api.gen.go:697.8,701.3 3 0
eastbay-overland-rally-planner/internal/adapters/httpapi/oas/api.gen.go:703.2,703.88 1 0
eastbay-overland-rally-planner/internal/adapters/httpapi/oas/api.gen.go:703.88,705.3 1 0
eastbay-overland-rally-planner/internal/adapters/httpapi/oas/api.gen.go:707.2,707.52 1 0
eastbay-overland-rally-planner/internal/adapters/httpapi/oas/api.gen.go:707.52,709.3 1 0
eastbay-overland-rally-planner/internal/adapters/httpapi/oas/api.gen.go:711.2,711.25 1 0
eastbay-overland-rally-planner/internal/adapters/httpapi/oas/api.gen.go:715.90,730.60 6 0
eastbay-overland-rally-planner/internal/adapters/httpapi/oas/api.gen.go:730.61,732.3 0 0
eastbay-overland-rally-planner/internal/adapters/httpapi/oas/api.gen.go:732.8,735.3 2 0
eastbay-overland-rally-planner/internal/adapters/httpapi/oas/api.gen.go:737.2,738.16 2 0
eastbay-overland-rally-planner/internal/adapters/httpapi/oas/api.gen.go:738.16,741.3 2 0
eastbay-overland-rally-planner/internal/adapters/httpapi/oas/api.gen.go:743.2,743.88 1 0
eastbay-overland-rally-planner/internal/adapters/httpapi/oas/api.gen.go:743.88,745.3 1 0
eastbay-overland-rally-planner/internal/adapters/httpapi/oas/api.gen.go:747.2,747.52 1 0
eastbay-overland-rally-planner/internal/adapters/httpapi/oas/api.gen.go:747.52,749.3 1 0
eastbay-overland-rally-planner/internal/adapters/httpapi/oas/api.gen.go:751.2,751.25 1 0
eastbay-overland-rally-planner/internal/adapters/httpapi/oas/api.gen.go:755.102,763.88 4 0
eastbay-overland-rally-planner/internal/adapters/httpapi/oas/api.gen.go:763.88,765.3 1 0
eastbay-overland-rally-planner/internal/adapters/httpapi/oas/api.gen.go:767.2,767.52 1 0
eastbay-overland-rally-planner/internal/adapters/httpapi/oas/api.gen.go:767.52,769.3 1 0
eastbay-overland-rally-planner/internal/adapters/httpapi/oas/api.gen.go:771.2,771.25 1 0
eastbay-overland-rally-planner/internal/adapters/httpapi/oas/api.gen.go:775.92,791.84 7 0
eastbay-overland-rally-planner/internal/adapters/httpapi/oas/api.gen.go:791.84,794.13 3 0
eastbay-overland-rally-planner/internal/adapters/httpapi/oas/api.gen.go:794.13,797.4 2 0
eastbay-overland-rally-planner/internal/adapters/httpapi/oas/api.gen.go:799.3,800.17 2 0
eastbay-overland-rally-planner/internal/adapters/httpapi/oas/api.gen.go:800.17,803.4 2 0
eastbay-overland-rally-planner/internal/adapters/httpapi/oas/api.gen.go:805.3,805.41 1 0
eastbay-overland-rally-planner/internal/adapters/httpapi/oas/api.gen.go:807.8,811.3 3 0
eastbay-overland-rally-planner/internal/adapters/httpapi/oas/api.gen.go:813.2,813.88 1 0
eastbay-overland-rally-planner/internal/adapters/httpapi/oas/api.gen.go:813.88,815.3 1 0
eastbay-overland-rally-planner/internal/adapters/httpapi/oas/api.gen.go:817.2,817.52 1 0
eastbay-overland-rally-planner/internal/adapters/httpapi/oas/api.gen.go:817.52,819.3 1 0
eastbay-overland-rally-planner/internal/adapters/httpapi/oas/api.gen.go:821.2,821.25 1 0
eastbay-overland-rally-planner/internal/adapters/httpapi/oas/api.gen.go:825.93,833.88 4 0
eastbay-overland-rally-planner/internal/adapters/httpapi/oas/api.gen.go:833.88,835.3 1 0
eastbay-overland-rally-planner/internal/adapters/httpapi/oas/api.gen.go:837.2,837.52 1 0
eastbay-overland-rally-planner/internal/adapters/httpapi/oas/api.gen.go:837.52,839.3 1 0
eastbay-overland-rally-planner/internal/adapters/httpapi/oas/api.gen.go:841.2,841.25 1 0
eastbay-overland-rally-planner/internal/adapters/httpapi/oas/api.gen.go:845.91,853.16 4 0
eastbay-overland-rally-planner/internal/adapters/httpapi/oas/api.gen.go:853.16,856.3 2 0
eastbay-overland-rally-planner/internal/adapters/httpapi/oas/api.gen.go:858.2,864.88 4 0
eastbay-overland-rally-planner/internal/adapters/httpapi/oas/api.gen.go:864.88,866.3 1 0
eastbay-overland-rally-planner/internal/adapters/httpapi/oas/api.gen.go:868.2,868.52 1 0
eastbay-overland-rally-planner/internal/adapters/httpapi/oas/api.gen.go:868.52,870.3 1 0
eastbay-overland-rally-planner/internal/adapters/httpapi/oas/api.gen.go:872.2,872.25 1 0
eastbay-overland-rally-planner/internal/adapters/httpapi/oas/api.gen.go:876.87,884.16 4 0
eastbay-overland-rally-planner/internal/adapters/httpapi/oas/api.gen.go:884.16,887.3 2 0
eastbay-overland-rally-planner/internal/adapters/httpapi/oas/api.gen.go:889.2,901.84 6 0
eastbay-overland-rally-planner/internal/adapters/httpapi/oas/api.gen.go:901.84,904.13 3 0
eastbay-overland-rally-planner/internal/adapters/httpapi/oas/api.gen.go:904.13,907.4 2 0
eastbay-overland-rally-planner/internal/adapters/httpapi/oas/api.gen.go:909.3,910.17 2 0
eastbay-overland-rally-planner/internal/adapters/httpapi/oas/api.gen.go:910.17,913.4 2 0
eastbay-overland-rally-planner/internal/adapters/httpapi/oas/api.gen.go:915.3,915.41 1 0
eastbay-overland-rally-planner/internal/adapters/httpapi/oas/api.gen.go:917.8,921.3 3 0
eastbay-overland-rally-planner/internal/adapters/httpapi/oas/api.gen.go:923.2,923.88 1 0
eastbay-overland-rally-planner/internal/adapters/httpapi/oas/api.gen.go:923.88,925.3 1 0
eastbay-overland-rally-planner/internal/adapters/httpapi/oas/api.gen.go:927.2,927.52 1 0
eastbay-overland-rally-planner/internal/adapters/httpapi/oas/api.gen.go:927.52,929.3 1 0
eastbay-overland-rally-planner/internal/adapters/httpapi/oas/api.gen.go:931.2,931.25 1 0
eastbay-overland-rally-planner/internal/adapters/httpapi/oas/api.gen.go:935.87,943.16 4 0
eastbay-overland-rally-planner/internal/adapters/httpapi/oas/api.gen.go:943.16,946.3 2 0
eastbay-overland-rally-planner/internal/adapters/httpapi/oas/api.gen.go:948.2,960.84 6 0
eastbay-overland-rally-planner/internal/adapters/httpapi/oas/api.gen.go:960.84,963.13 3 0
eastbay-overland-rally-planner/internal/adapters/httpapi/oas/api.gen.go:963.13,966.4 2 0
eastbay-overland-rally-planner/internal/adapters/httpapi/oas/api.gen.go:968.3,969.17 2 0
eastbay-overland-rally-planner/internal/adapters/httpapi/oas/api.gen.go:969.17,972.4 2 0
eastbay-overland-rally-planner/internal/adapters/httpapi/oas/api.gen.go:974.3,974.42 1 0
eastbay-overland-rally-planner/internal/adapters/httpapi/oas/api.gen.go:978.2,978.88 1 0
eastbay-overland-rally-planner/internal/adapters/httpapi/oas/api.gen.go:978.88,980.3 1 0
eastbay-overland-rally-planner/internal/adapters/httpapi/oas/api.gen.go:982.2,982.52 1 0
eastbay-overland-rally-planner/internal/adapters/httpapi/oas/api.gen.go:982.52,984.3 1 0
eastbay-overland-rally-planner/internal/adapters/httpapi/oas/api.gen.go:986.2,986.25 1 0
eastbay-overland-rally-planner/internal/adapters/httpapi/oas/api.gen.go:990.99,998.16 4 0
eastbay-overland-rally-planner/internal/adapters/httpapi/oas/api.gen.go:998.16,1001.3 2 0
eastbay-overland-rally-planner/internal/adapters/httpapi/oas/api.gen.go:1003.2,1015.84 6 0
eastbay-overland-rally-planner/internal/adapters/httpapi/oas/api.gen.go:1015.84,1018.13 3 0
eastbay-overland-rally-planner/internal/adapters/httpapi/oas/api.gen.go:1018.13,1021.4 2 0
eastbay-overland-rally-planner/internal/adapters/httpapi/oas/api.gen.go:1023.3,1024.17 2 0
eastbay-overland-rally-planner/internal/adapters/httpapi/oas/api.gen.go:1024.17,1027.4 2 0
eastbay-overland-rally-planner/internal/adapters/httpapi/oas/api.gen.go:1029.3,1029.41 1 0
eastbay-overland-rally-planner/internal/adapters/httpapi/oas/api.gen.go:1031.8,1035.3 3 0
eastbay-overland-rally-planner/internal/adapters/httpapi/oas/api.gen.go:1037.2,1037.88 1 0
eastbay-overland-rally-planner/internal/adapters/httpapi/oas/api.gen.go:1037.88,1039.3 1 0
eastbay-overland-rally-planner/internal/adapters/httpapi/oas/api.gen.go:1041.2,1041.52 1 0
eastbay-overland-rally-planner/internal/adapters/httpapi/oas/api.gen.go:1041.52,1043.3 1 0
eastbay-overland-rally-planner/internal/adapters/httpapi/oas/api.gen.go:1045.2,1045.25 1 0
eastbay-overland-rally-planner/internal/adapters/httpapi/oas/api.gen.go:1049.93,1057.16 4 0
eastbay-overland-rally-planner/internal/adapters/httpapi/oas/api.gen.go:1057.16,1060.3 2 0
eastbay-overland-rally-planner/internal/adapters/httpapi/oas/api.gen.go:1062.2,1074.84 6 0
eastbay-overland-rally-planner/internal/adapters/httpapi/oas/api.gen.go:1074.84,1077.13 3 0
eastbay-overland-rally-planner/internal/adapters/httpapi/oas/api.gen.go:1077.13,1080.4 2 0
eastbay-overland-rally-planner/internal/adapters/httpapi/oas/api.gen.go:1082.3,1083.17 2 0
eastbay-overland-rally-planner/internal/adapters/httpapi/oas/api.gen.go:1083.17,1086.4 2 0
eastbay-overland-rally-planner/internal/adapters/httpapi/oas/api.gen.go:1088.3,1088.41 1 0
eastbay-overland-rally-planner/internal/adapters/httpapi/oas/api.gen.go:1090.8,1094.3 3 0
eastbay-overland-rally-planner/internal/adapters/httpapi/oas/api.gen.go:1096.2,1096.88 1 0
eastbay-overland-rally-planner/internal/adapters/httpapi/oas/api.gen.go:1096.88,1098.3 1 0
eastbay-overland-rally-planner/internal/adapters/httpapi/oas/api.gen.go:1100.2,1100.52 1 0
eastbay-overland-rally-planner/internal/adapters/httpapi/oas/api.gen.go:1100.52,1102.3 1 0
eastbay-overland-rally-planner/internal/adapters/httpapi/oas/api.gen.go:1104.2,1104.25 1 0
eastbay-overland-rally-planner/internal/adapters/httpapi/oas/api.gen.go:1108.96,1116.16 4 0
eastbay-overland-rally-planner/internal/adapters/httpapi/oas/api.gen.go:1116.16,1119.3 2 0
eastbay-overland-rally-planner/internal/adapters/httpapi/oas/api.gen.go:1122.2,1125.16 3 0
eastbay-overland-rally-planner/internal/adapters/httpapi/oas/api.gen.go:1125.16,1128.3 2 0
eastbay-overland-rally-planner/internal/adapters/httpapi/oas/api.gen.go:1130.2,1142.84 6 0
eastbay-overland-rally-planner/internal/adapters/httpapi/oas/api.gen.go:1142.84,1145.13 3 0
eastbay-overland-rally-planner/internal/adapters/httpapi/oas/api.gen.go:1145.13,1148.4 2 0
eastbay-overland-rally-planner/internal/adapters/httpapi/oas/api.gen.go:1150.3,1151.17 2 0
eastbay-overland-rally-planner/internal/adapters/httpapi/oas/api.gen.go:1151.17,1154.4 2 0
eastbay-overland-rally-planner/internal/adapters/httpapi/oas/api.gen.go:1156.3,1156.41 1 0
eastbay-overland-rally-planner/internal/adapters/httpapi/oas/api.gen.go:1158.8,1162.3 3 0
eastbay-overland-rally-planner/internal/adapters/httpapi/oas/api.gen.go:1164.2,1164.88 1 0
eastbay-overland-rally-planner/internal/adapters/httpapi/oas/api.gen.go:1164.88,1166.3 1 0
eastbay-overland-rally-planner/internal/adapters/httpapi/oas/api.gen.go:1168.2,1168.52 1 0
eastbay-overland-rally-planner/internal/adapters/httpapi/oas/api.gen.go:1168.52,1170.3 1 0
eastbay-overland-rally-planner/internal/adapters/httpapi/oas/api.gen.go:1172.2,1172.25 1 0
eastbay-overland-rally-planner/internal/adapters/httpapi/oas/api.gen.go:1176.88,1184.16 4 0
eastbay-overland-rally-planner/internal/adapters/httpapi/oas/api.gen.go:1184.16,1187.3 2 0
eastbay-overland-rally-planner/internal/adapters/httpapi/oas/api.gen.go:1189.2,1195.88 4 0
eastbay-overland-rally-planner/internal/adapters/httpapi/oas/api.gen.go:1195.88,1197.3 1 0
eastbay-overland-rally-planner/internal/adapters/httpapi/oas/api.gen.go:1199.2,1199.52 1 0
eastbay-overland-rally-planner/internal/adapters/httpapi/oas/api.gen.go:1199.52,1201.3 1 0
eastbay-overland-rally-planner/internal/adapters/httpapi/oas/api.gen.go:1203.2,1203.25 1 0
eastbay-overland-rally-planner/internal/adapters/httpapi/oas/api.gen.go:1207.86,1215.16 4 0
eastbay-overland-rally-planner/internal/adapters/httpapi/oas/api.gen.go:1215.16,1218.3 2 0
eastbay-overland-rally-planner/internal/adapters/httpapi/oas/api.gen.go:1220.2,1232.84 6 0
eastbay-overland-rally-planner/internal/adapters/httpapi/oas/api.gen.go:1232.84,1235.13 3 0
eastbay-overland-rally-planner/internal/adapters/httpapi/oas/api.gen.go:1235.13,1238.4 2 0
eastbay-overland-rally-planner/internal/adapters/httpapi/oas/api.gen.go:1240.3,1241.17 2 0
eastbay-overland-rally-planner/internal/adapters/httpapi/oas/api.gen.go:1241.17,1244.4 2 0
eastbay-overland-rally-planner/internal/adapters/httpapi/oas/api.gen.go:1246.3,1246.41 1 0
eastbay-overland-rally-planner/internal/adapters/httpapi/oas/api.gen.go:1248.8,1252.3 3 0
eastbay-overland-rally-planner/internal/adapters/httpapi/oas/api.gen.go:1254.2,1254.88 1 0
eastbay-overland-rally-planner/internal/adapters/httpapi/oas/api.gen.go:1254.88,1256.3 1 0
eastbay-overland-rally-planner/internal/adapters/httpapi/oas/api.gen.go:1258.2,1258.52 1 0
eastbay-overland-rally-planner/internal/adapters/httpapi/oas/api.gen.go:1258.52,1260.3 1 0
eastbay-overland-rally-planner/internal/adapters/httpapi/oas/api.gen.go:1262.2,1262.25 1 0
eastbay-overland-rally-planner/internal/adapters/httpapi/oas/api.gen.go:1266.93,1274.16 4 0
eastbay-overland-rally-planner/internal/adapters/httpapi/oas/api.gen.go:1274.16,1277.3 2 0
eastbay-overland-rally-planner/internal/adapters/httpapi/oas/api.gen.go:1279.2,1285.88 4 0
eastbay-overland-rally-planner/internal/adapters/httpapi/oas/api.gen.go:1285.88,1287.3 1 0
eastbay-overland-rally-planner/internal/adapters/httpapi/oas/api.gen.go:1289.2,1289.52 1 0
eastbay-overland-rally-planner/internal/adapters/httpapi/oas/api.gen.go:1289.52,1291.3 1 0
eastbay-overland-rally-planner/internal/adapters/httpapi/oas/api.gen.go:1293.2,1293.25 1 0
eastbay-overland-rally-planner/internal/adapters/httpapi/oas/api.gen.go:1297.95,1305.16 4 0
eastbay-overland-rally-planner/internal/adapters/httpapi/oas/api.gen.go:1305.16,1308.3 2 0
eastbay-overland-rally-planner/internal/adapters/httpapi/oas/api.gen.go:1310.2,1316.88 4 0
eastbay-overland-rally-planner/internal/adapters/httpapi/oas/api.gen.go:1316.88,1318.3 1 0
eastbay-overland-rally-planner/internal/adapters/httpapi/oas/api.gen.go:1320.2,1320.52 1 0
eastbay-overland-rally-planner/internal/adapters/httpapi/oas/api.gen.go:1320.52,1322.3 1 0
eastbay-overland-rally-planner/internal/adapters/httpapi/oas/api.gen.go:1324.2,1324.25 1 0
eastbay-overland-rally-planner/internal/adapters/httpapi/oas/api.gen.go:1332.52,1334.2 1 0
eastbay-overland-rally-planner/internal/adapters/httpapi/oas/api.gen.go:1336.52,1338.2 1 0
eastbay-overland-rally-planner/internal/adapters/httpapi/oas/api.gen.go:1345.49,1347.2 1 0
eastbay-overland-rally-planner/internal/adapters/httpapi/oas/api.gen.go:1349.49,1351.2 1 0
eastbay-overland-rally-planner/internal/adapters/httpapi/oas/api.gen.go:1357.45,1359.2 1 0
eastbay-overland-rally-planner/internal/adapters/httpapi/oas/api.gen.go:1366.46,1368.2 1 0
eastbay-overland-rally-planner/internal/adapters/httpapi/oas/api.gen.go:1370.46,1372.2 1 0
eastbay-overland-rally-planner/internal/adapters/httpapi/oas/api.gen.go:1379.50,1381.2 1 0
eastbay-overland-rally-planner/internal/adapters/httpapi/oas/api.gen.go:1383.50,1385.2 1 0
eastbay-overland-rally-planner/internal/adapters/httpapi/oas/api.gen.go:1392.53,1394.2 1 0
eastbay-overland-rally-planner/internal/adapters/httpapi/oas/api.gen.go:1397.47,1399.2 1 0
eastbay-overland-rally-planner/internal/adapters/httpapi/oas/api.gen.go:1409.68,1413.2 1 0
eastbay-overland-rally-planner/internal/adapters/httpapi/oas/api.gen.go:1415.95,1420.2 1 0
eastbay-overland-rally-planner/internal/adapters/httpapi/oas/api.gen.go:1423.84,1426.14 2 0
eastbay-overland-rally-planner/internal/adapters/httpapi/oas/api.gen.go:1426.14,1428.3 1 0
eastbay-overland-rally-planner/internal/adapters/httpapi/oas/api.gen.go:1429.2,1429.37 1 0
eastbay-overland-rally-planner/internal/adapters/httpapi/oas/api.gen.go:1429.37,1430.86 1 0
eastbay-overland-rally-planner/internal/adapters/httpapi/oas/api.gen.go:1430.86,1432.4 1 0
eastbay-overland-rally-planner/internal/adapters/httpapi/oas/api.gen.go:1434.2,1440.29 2 0
eastbay-overland-rally-planner/internal/adapters/httpapi/oas/api.gen.go:1440.29,1442.3 1 0
eastbay-overland-rally-planner/internal/adapters/httpapi/oas/api.gen.go:1443.2,1443.29 1 0
eastbay-overland-rally-planner/internal/adapters/httpapi/oas/api.gen.go:1443.29,1445.3 1 0
eastbay-overland-rally-planner/internal/adapters/httpapi/oas/api.gen.go:1446.2,1446.29 1 0
eastbay-overland-rally-planner/internal/adapters/httpapi/oas/api.gen.go:1446.29,1448.3 1 0
eastbay-overland-rally-planner/internal/adapters/httpapi/oas/api.gen.go:1449.2,1449.29 1 0
eastbay-overland-rally-planner/internal/adapters/httpapi/oas/api.gen.go:1449.29,1451.3 1 0
eastbay-overland-rally-planner/internal/adapters/httpapi/oas/api.gen.go:1452.2,1452.29 1 0
eastbay-overland-rally-planner/internal/adapters/httpapi/oas/api.gen.go:1452.29,1454.3 1 0
eastbay-overland-rally-planner/internal/adapters/httpapi/oas/api.gen.go:1455.2,1455.29 1 0
eastbay-overland-rally-planner/internal/adapters/httpapi/oas/api.gen.go:1455.29,1457.3 1 0
eastbay-overland-rally-planner/internal/adapters/httpapi/oas/api.gen.go:1458.2,1458.29 1 0
eastbay-overland-rally-planner/internal/adapters/httpapi/oas/api.gen.go:1458.29,1460.3 1 0
eastbay-overland-rally-planner/internal/adapters/httpapi/oas/api.gen.go:1461.2,1461.29 1 0
eastbay-overland-rally-planner/internal/adapters/httpapi/oas/api.gen.go:1461.29,1463.3 1 0
eastbay-overland-rally-planner/internal/adapters/httpapi/oas/api.gen.go:1464.2,1464.29 1 0
eastbay-overland-rally-planner/internal/adapters/httpapi/oas/api.gen.go:1464.29,1466.3 1 0
eastbay-overland-rally-planner/internal/adapters/httpapi/oas/api.gen.go:1467.2,1467.29 1 0
eastbay-overland-rally-planner/internal/adapters/httpapi/oas/api.gen.go:1467.29,1469.3 1 0
eastbay-overland-rally-planner/internal/adapters/httpapi/oas/api.gen.go:1470.2,1470.29 1 0
eastbay-overland-rally-planner/internal/adapters/httpapi/oas/api.gen.go:1470.29,1472.3 1 0
eastbay-overland-rally-planner/internal/adapters/httpapi/oas/api.gen.go:1473.2,1473.29 1 0
eastbay-overland-rally-planner/internal/adapters/httpapi/oas/api.gen.go:1473.29,1475.3 1 0
eastbay-overland-rally-planner/internal/adapters/httpapi/oas/api.gen.go:1476.2,1476.29 1 0
eastbay-overland-rally-planner/internal/adapters/httpapi/oas/api.gen.go:1476.29,1478.3 1 0
eastbay-overland-rally-planner/internal/adapters/httpapi/oas/api.gen.go:1479.2,1479.29 1 0
eastbay-overland-rally-planner/internal/adapters/httpapi/oas/api.gen.go:1479.29,1481.3 1 0
eastbay-overland-rally-planner/internal/adapters/httpapi/oas/api.gen.go:1482.2,1482.29 1 0
eastbay-overland-rally-planner/internal/adapters/httpapi/oas/api.gen.go:1482.29,1484.3 1 0
eastbay-overland-rally-planner/internal/adapters/httpapi/oas/api.gen.go:1485.2,1485.29 1 0
eastbay-overland-rally-planner/internal/adapters/httpapi/oas/api.gen.go:1485.29,1487.3 1 0
eastbay-overland-rally-planner/internal/adapters/httpapi/oas/api.gen.go:1488.2,1488.29 1 0
eastbay-overland-rally-planner/internal/adapters/httpapi/oas/api.gen.go:1488.29,1490.3 1 0
eastbay-overland-rally-planner/internal/adapters/httpapi/oas/api.gen.go:1491.2,1491.29 1 0
eastbay-overland-rally-planner/internal/adapters/httpapi/oas/api.gen.go:1491.29,1493.3 1 0
eastbay-overland-rally-planner/internal/adapters/httpapi/oas/api.gen.go:1495.2,1495.10 1 0
eastbay-overland-rally-planner/internal/adapters/httpapi/oas/api.gen.go:1520.98,1525.2 3 0
eastbay-overland-rally-planner/internal/adapters/httpapi/oas/api.gen.go:1529.98,1534.2 3 0
eastbay-overland-rally-planner/internal/adapters/httpapi/oas/api.gen.go:1538.98,1543.2 3 0
eastbay-overland-rally-planner/internal/adapters/httpapi/oas/api.gen.go:1555.104,1560.2 3 0
eastbay-overland-rally-planner/internal/adapters/httpapi/oas/api.gen.go:1564.104,1569.2 3 0
eastbay-overland-rally-planner/internal/adapters/httpapi/oas/api.gen.go:1573.104,1578.2 3 0
eastbay-overland-rally-planner/internal/adapters/httpapi/oas/api.gen.go:1584.104,1589.2 3 0
eastbay-overland-rally-planner/internal/adapters/httpapi/oas/api.gen.go:1593.104,1598.2 3 0
eastbay-overland-rally-planner/internal/adapters/httpapi/oas/api.gen.go:1611.112,1616.2 3 0
eastbay-overland-rally-planner/internal/adapters/httpapi/oas/api.gen.go:1620.112,1625.2 3 0
eastbay-overland-rally-planner/internal/adapters/httpapi/oas/api.gen.go:1629.112,1634.2 3 0
eastbay-overland-rally-planner/internal/adapters/httpapi/oas/api.gen.go:1638.112,1643.2 3 0
eastbay-overland-rally-planner/internal/adapters/httpapi/oas/api.gen.go:1656.118,1661.2 3 0
eastbay-overland-rally-planner/internal/adapters/httpapi/oas/api.gen.go:1665.118,1670.2 3 0
eastbay-overland-rally-planner/internal/adapters/httpapi/oas/api.gen.go:1674.118,1679.2 3 0
eastbay-overland-rally-planner/internal/adapters/httpapi/oas/api.gen.go:1683.118,1688.2 3 0
eastbay-overland-rally-planner/internal/adapters/httpapi/oas/api.gen.go:1694.118,1699.2 3 0
eastbay-overland-rally-planner/internal/adapters/httpapi/oas/api.gen.go:1703.118,1708.2 3 0
eastbay-overland-rally-planner/internal/adapters/httpapi/oas/api.gen.go:1722.102,1727.2 3 0
eastbay-overland-rally-planner/internal/adapters/httpapi/oas/api.gen.go:1731.102,1736.2 3 0
eastbay-overland-rally-planner/internal/adapters/httpapi/oas/api.gen.go:1742.102,1747.2 3 0
eastbay-overland-rally-planner/internal/adapters/httpapi/oas/api.gen.go:1751.102,1756.2 3 0
eastbay-overland-rally-planner/internal/adapters/httpapi/oas/api.gen.go:1769.126,1774.2 3 0
eastbay-overland-rally-planner/internal/adapters/httpapi/oas/api.gen.go:1778.126,1783.2 3 0
eastbay-overland-rally-planner/internal/adapters/httpapi/oas/api.gen.go:1787.126,1792.2 3 0
eastbay-overland-rally-planner/internal/adapters/httpapi/oas/api.gen.go:1805.106,1810.2 3 0
eastbay-overland-rally-planner/internal/adapters/httpapi/oas/api.gen.go:1814.106,1819.2 3 0
eastbay-overland-rally-planner/internal/adapters/httpapi/oas/api.gen.go:1823.106,1828.2 3 0
eastbay-overland-rally-planner/internal/adapters/httpapi/oas/api.gen.go:1834.106,1839.2 3 0
eastbay-overland-rally-planner/internal/adapters/httpapi/oas/api.gen.go:1843.106,1848.2 3 0
eastbay-overland-rally-planner/internal/adapters/httpapi/oas/api.gen.go:1861.108,1866.2 3 0
eastbay-overland-rally-planner/internal/adapters/httpapi/oas/api.gen.go:1870.108,1875.2 3 0
eastbay-overland-rally-planner/internal/adapters/httpapi/oas/api.gen.go:1879.108,1884.2 3 0
eastbay-overland-rally-planner/internal/adapters/httpapi/oas/api.gen.go:1896.104,1901.2 3 0
eastbay-overland-rally-planner/internal/adapters/httpapi/oas/api.gen.go:1905.104,1910.2 3 0
eastbay-overland-rally-planner/internal/adapters/httpapi/oas/api.gen.go:1914.104,1919.2 3 0
eastbay-overland-rally-planner/internal/adapters/httpapi/oas/api.gen.go:1923.104,1928.2 3 0
eastbay-overland-rally-planner/internal/adapters/httpapi/oas/api.gen.go:1942.96,1947.2 3 0
eastbay-overland-rally-planner/internal/adapters/httpapi/oas/api.gen.go:1951.96,1956.2 3 0
eastbay-overland-rally-planner/internal/adapters/httpapi/oas/api.gen.go:1960.96,1965.2 3 0
eastbay-overland-rally-planner/internal/adapters/httpapi/oas/api.gen.go:1969.96,1974.2 3 0
eastbay-overland-rally-planner/internal/adapters/httpapi/oas/api.gen.go:1980.96,1985.2 3 0
eastbay-overland-rally-planner/internal/adapters/httpapi/oas/api.gen.go:1989.96,1994.2 3 0
eastbay-overland-rally-planner/internal/adapters/httpapi/oas/api.gen.go:2007.96,2012.2 3 0
eastbay-overland-rally-planner/internal/adapters/httpapi/oas/api.gen.go:2016.96,2021.2 3 0
eastbay-overland-rally-planner/internal/adapters/httpapi/oas/api.gen.go:2025.96,2030.2 3 0
eastbay-overland-rally-planner/internal/adapters/httpapi/oas/api.gen.go:2034.96,2039.2 3 0
eastbay-overland-rally-planner/internal/adapters/httpapi/oas/api.gen.go:2045.96,2050.2 3 0
eastbay-overland-rally-planner/internal/adapters/httpapi/oas/api.gen.go:2054.96,2059.2 3 0
eastbay-overland-rally-planner/internal/adapters/httpapi/oas/api.gen.go:2073.120,2078.2 3 0
eastbay-overland-rally-planner/internal/adapters/httpapi/oas/api.gen.go:2082.120,2087.2 3 0
eastbay-overland-rally-planner/internal/adapters/httpapi/oas/api.gen.go:2091.120,2096.2 3 0
eastbay-overland-rally-planner/internal/adapters/httpapi/oas/api.gen.go:2100.120,2105.2 3 0
eastbay-overland-rally-planner/internal/adapters/httpapi/oas/api.gen.go:2111.120,2116.2 3 0
eastbay-overland-rally-planner/internal/adapters/httpapi/oas/api.gen.go:2120.120,2125.2 3 0
eastbay-overland-rally-planner/internal/adapters/httpapi/oas/api.gen.go:2139.108,2144.2 3 0
eastbay-overland-rally-planner/internal/adapters/httpapi/oas/api.gen.go:2148.108,2153.2 3 0
eastbay-overland-rally-planner/internal/adapters/httpapi/oas/api.gen.go:2157.108,2162.2 3 0
eastbay-overland-rally-planner/internal/adapters/httpapi/oas/api.gen.go:2166.108,2171.2 3 0
eastbay-overland-rally-planner/internal/adapters/httpapi/oas/api.gen.go:2177.108,2182.2 3 0
eastbay-overland-rally-planner/internal/adapters/httpapi/oas/api.gen.go:2186.108,2191.2 3 0
eastbay-overland-rally-planner/internal/adapters/httpapi/oas/api.gen.go:2205.114,2210.2 3 0
eastbay-overland-rally-planner/internal/adapters/httpapi/oas/api.gen.go:2214.114,2219.2 3 0
eastbay-overland-rally-planner/internal/adapters/httpapi/oas/api.gen.go:2223.114,2228.2 3 0
eastbay-overland-rally-planner/internal/adapters/httpapi/oas/api.gen.go:2232.114,2237.2 3 0
eastbay-overland-rally-planner/internal/adapters/httpapi/oas/api.gen.go:2243.114,2248.2 3 0
eastbay-overland-rally-planner/internal/adapters/httpapi/oas/api.gen.go:2252.114,2257.2 3 0
eastbay-overland-rally-planner/internal/adapters/httpapi/oas/api.gen.go:2269.98,2274.2 3 0
eastbay-overland-rally-planner/internal/adapters/httpapi/oas/api.gen.go:2278.98,2283.2 3 0
eastbay-overland-rally-planner/internal/adapters/httpapi/oas/api.gen.go:2287.98,2292.2 3 0
eastbay-overland-rally-planner/internal/adapters/httpapi/oas/api.gen.go:2296.98,2301.2 3 0
eastbay-overland-rally-planner/internal/adapters/httpapi/oas/api.gen.go:2307.98,2312.2 3 0
eastbay-overland-rally-planner/internal/adapters/httpapi/oas/api.gen.go:2316.98,2321.2 3 0
eastbay-overland-rally-planner/internal/adapters/httpapi/oas/api.gen.go:2335.94,2340.2 3 0
eastbay-overland-rally-planner/internal/adapters/httpapi/oas/api.gen.go:2344.94,2349.2 3 0
eastbay-overland-rally-planner/internal/adapters/httpapi/oas/api.gen.go:2353.94,2358.2 3 0
eastbay-overland-rally-planner/internal/adapters/httpapi/oas/api.gen.go:2362.94,2367.2 3 0
eastbay-overland-rally-planner/internal/adapters/httpapi/oas/api.gen.go:2373.94,2378.2 3 0
eastbay-overland-rally-planner/internal/adapters/httpapi/oas/api.gen.go:2382.94,2387.2 3 0
eastbay-overland-rally-planner/internal/adapters/httpapi/oas/api.gen.go:2401.108,2406.2 3 0
eastbay-overland-rally-planner/internal/adapters/httpapi/oas/api.gen.go:2410.108,2415.2 3 0
eastbay-overland-rally-planner/internal/adapters/httpapi/oas/api.gen.go:2419.108,2424.2 3 0
eastbay-overland-rally-planner/internal/adapters/httpapi/oas/api.gen.go:2428.108,2433.2 3 0
eastbay-overland-rally-planner/internal/adapters/httpapi/oas/api.gen.go:2437.108,2442.2 3 0
eastbay-overland-rally-planner/internal/adapters/httpapi/oas/api.gen.go:2456.112,2461.2 3 0
eastbay-overland-rally-planner/internal/adapters/httpapi/oas/api.gen.go:2465.112,2470.2 3 0
eastbay-overland-rally-planner/internal/adapters/httpapi/oas/api.gen.go:2474.112,2479.2 3 0
eastbay-overland-rally-planner/internal/adapters/httpapi/oas/api.gen.go:2483.112,2488.2 3 0
eastbay-overland-rally-planner/internal/adapters/httpapi/oas/api.gen.go:2492.112,2497.2 3 0
eastbay-overland-rally-planner/internal/adapters/httpapi/oas/api.gen.go:2565.102,2567.84 1 0
eastbay-overland-rally-planner/internal/adapters/httpapi/oas/api.gen.go:2567.84,2569.4 1 0
eastbay-overland-rally-planner/internal/adapters/httpapi/oas/api.gen.go:2570.85,2572.4 1 0
eastbay-overland-rally-planner/internal/adapters/httpapi/oas/api.gen.go:2576.146,2578.2 1 0
eastbay-overland-rally-planner/internal/adapters/httpapi/oas/api.gen.go:2587.104,2592.121 3 0
eastbay-overland-rally-planner/internal/adapters/httpapi/oas/api.gen.go:2592.121,2594.3 1 0
eastbay-overland-rally-planner/internal/adapters/httpapi/oas/api.gen.go:2595.2,2595.44 1 0
eastbay-overland-rally-planner/internal/adapters/httpapi/oas/api.gen.go:2595.44,2597.3 1 0
eastbay-overland-rally-planner/internal/adapters/httpapi/oas/api.gen.go:2599.2,2601.16 2 0
eastbay-overland-rally-planner/internal/adapters/httpapi/oas/api.gen.go:2601.16,2603.3 1 0
eastbay-overland-rally-planner/internal/adapters/httpapi/oas/api.gen.go:2603.8,2603.74 1 0
eastbay-overland-rally-planner/internal/adapters/httpapi/oas/api.gen.go:2603.74,2604.67 1 0
eastbay-overland-rally-planner/internal/adapters/httpapi/oas/api.gen.go:2604.67,2606.4 1 0
eastbay-overland-rally-planner/internal/adapters/httpapi/oas/api.gen.go:2607.8,2607.28 1 0
eastbay-overland-rally-planner/internal/adapters/httpapi/oas/api.gen.go:2607.28,2609.3 1 0
eastbay-overland-rally-planner/internal/adapters/httpapi/oas/api.gen.go:2613.81,2617.62 3 0
eastbay-overland-rally-planner/internal/adapters/httpapi/oas/api.gen.go:2617.62,2620.3 2 0
eastbay-overland-rally-planner/internal/adapters/httpapi/oas/api.gen.go:2621.2,2623.121 2 0
eastbay-overland-rally-planner/internal/adapters/httpapi/oas/api.gen.go:2623.121,2625.3 1 0
eastbay-overland-rally-planner/internal/adapters/httpapi/oas/api.gen.go:2626.2,2626.44 1 0
eastbay-overland-rally-planner/internal/adapters/httpapi/oas/api.gen.go:2626.44,2628.3 1 0
eastbay-overland-rally-planner/internal/adapters/httpapi/oas/api.gen.go:2630.2,2632.16 2 0
eastbay-overland-rally-planner/internal/adapters/httpapi/oas/api.gen.go:2632.16,2634.3 1 0
eastbay-overland-rally-planner/internal/adapters/httpapi/oas/api.gen.go:2634.8,2634.77 1 0
eastbay-overland-rally-planner/internal/adapters/httpapi/oas/api.gen.go:2634.77,2635.70 1 0
eastbay-overland-rally-planner/internal/adapters/httpapi/oas/api.gen.go:2635.70,2637.4 1 0
eastbay-overland-rally-planner/internal/adapters/httpapi/oas/api.gen.go:2638.8,2638.28 1 0
eastbay-overland-rally-planner/internal/adapters/httpapi/oas/api.gen.go:2638.28,2640.3 1 0
eastbay-overland-rally-planner/internal/adapters/httpapi/oas/api.gen.go:2644.85,2647.121 2 0
eastbay-overland-rally-planner/internal/adapters/httpapi/oas/api.gen.go:2647.121,2649.3 1 0
eastbay-overland-rally-planner/internal/adapters/httpapi/oas/api.gen.go:2650.2,2650.44 1 0
eastbay-overland-rally-planner/internal/adapters/httpapi/oas/api.gen.go:2650.44,2652.3 1 0
eastbay-overland-rally-planner/internal/adapters/httpapi/oas/api.gen.go:2654.2,2656.16 2 0
eastbay-overland-rally-planner/internal/adapters/httpapi/oas/api.gen.go:2656.16,2658.3 1 0
eastbay-overland-rally-planner/internal/adapters/httpapi/oas/api.gen.go:2658.8,2658.81 1 0
eastbay-overland-rally-planner/internal/adapters/httpapi/oas/api.gen.go:2658.81,2659.74 1 0
eastbay-overland-rally-planner/internal/adapters/httpapi/oas/api.gen.go:2659.74,2661.4 1 0
eastbay-overland-rally-planner/internal/adapters/httpapi/oas/api.gen.go:2662.8,2662.28 1 0
eastbay-overland-rally-planner/internal/adapters/httpapi/oas/api.gen.go:2662.28,2664.3 1 0
eastbay-overland-rally-planner/internal/adapters/httpapi/oas/api.gen.go:2668.124,2674.62 4 0
eastbay-overland-rally-planner/internal/adapters/httpapi/oas/api.gen.go:2674.62,2677.3 2 0
eastbay-overland-rally-planner/internal/adapters/httpapi/oas/api.gen.go:2678.2,2680.121 2 0
eastbay-overland-rally-planner/internal/adapters/httpapi/oas/api.gen.go:2680.121,2682.3 1 0
eastbay-overland-rally-planner/internal/adapters/httpapi/oas/api.gen.go:2683.2,2683.44 1 0
eastbay-overland-rally-planner/internal/adapters/httpapi/oas/api.gen.go:2683.44,2685.3 1 0
eastbay-overland-rally-planner/internal/adapters/httpapi/oas/api.gen.go:2687.2,2689.16 2 0
eastbay-overland-rally-planner/internal/adapters/httpapi/oas/api.gen.go:2689.16,2691.3 1 0
eastbay-overland-rally-planner/internal/adapters/httpapi/oas/api.gen.go:2691.8,2691.84 1 0
eastbay-overland-rally-planner/internal/adapters/httpapi/oas/api.gen.go:2691.84,2692.77 1 0
eastbay-overland-rally-planner/internal/adapters/httpapi/oas/api.gen.go:2692.77,2694.4 1 0
eastbay-overland-rally-planner/internal/adapters/httpapi/oas/api.gen.go:2695.8,2695.28 1 0
eastbay-overland-rally-planner/internal/adapters/httpapi/oas/api.gen.go:2695.28,2697.3 1 0
eastbay-overland-rally-planner/internal/adapters/httpapi/oas/api.gen.go:2701.108,2706.121 3 0
eastbay-overland-rally-planner/internal/adapters/httpapi/oas/api.gen.go:2706.121,2708.3 1 0
eastbay-overland-rally-planner/internal/adapters/httpapi/oas/api.gen.go:2709.2,2709.44 1 0
eastbay-overland-rally-planner/internal/adapters/httpapi/oas/api.gen.go:2709.44,2711.3 1 0
eastbay-overland-rally-planner/internal/adapters/httpapi/oas/api.gen.go:2713.2,2715.16 2 0
eastbay-overland-rally-planner/internal/adapters/httpapi/oas/api.gen.go:2715.16,2717.3 1 0
eastbay-overland-rally-planner/internal/adapters/httpapi/oas/api.gen.go:2717.8,2717.76 1 0
eastbay-overland-rally-planner/internal/adapters/httpapi/oas/api.gen.go:2717.76,2718.69 1 0
eastbay-overland-rally-planner/internal/adapters/httpapi/oas/api.gen.go:2718.69,2720.4 1 0
eastbay-overland-rally-planner/internal/adapters/httpapi/oas/api.gen.go:2721.8,2721.28 1 0
eastbay-overland-rally-planner/internal/adapters/httpapi/oas/api.gen.go:2721.28,2723.3 1 0
eastbay-overland-rally-planner/internal/adapters/httpapi/oas/api.gen.go:2727.92,2730.121 2 0
eastbay-overland-rally-planner/internal/adapters/httpapi/oas/api.gen.go:2730.121,2732.3 1 0
eastbay-overland-rally-planner/internal/adapters/httpapi/oas/api.gen.go:2733.2,2733.44 1 0
eastbay-overland-rally-planner/internal/adapters/httpapi/oas/api.gen.go:2733.44,2735.3 1 0
eastbay-overland-rally-planner/internal/adapters/httpapi/oas/api.gen.go:2737.2,2739.16 2 0
eastbay-overland-rally-planner/internal/adapters/httpapi/oas/api.gen.go:2739.16,2741.3 1 0
eastbay-overland-rally-planner/internal/adapters/httpapi/oas/api.gen.go:2741.8,2741.88 1 0
eastbay-overland-rally-planner/internal/adapters/httpapi/oas/api.gen.go:2741.88,2742.81 1 0
eastbay-overland-rally-planner/internal/adapters/httpapi/oas/api.gen.go:2742.81,2744.4 1 0
eastbay-overland-rally-planner/internal/adapters/httpapi/oas/api.gen.go:2745.8,2745.28 1 0
eastbay-overland-rally-planner/internal/adapters/httpapi/oas/api.gen.go:2745.28,2747.3 1 0
eastbay-overland-rally-planner/internal/adapters/httpapi/oas/api.gen.go:2751.112,2757.62 4 0
eastbay-overland-rally-planner/internal/adapters/httpapi/oas/api.gen.go:2757.62,2760.3 2 0
eastbay-overland-rally-planner/internal/adapters/httpapi/oas/api.gen.go:2761.2,2763.121 2 0
eastbay-overland-rally-planner/internal/adapters/httpapi/oas/api.gen.go:2763.121,2765.3 1 0
eastbay-overland-rally-planner/internal/adapters/httpapi/oas/api.gen.go:2766.2,2766.44 1 0
eastbay-overland-rally-planner/internal/adapters/httpapi/oas/api.gen.go:2766.44,2768.3 1 0
eastbay-overland-rally-planner/internal/adapters/httpapi/oas/api.gen.go:2770.2,2772.16 2 0
eastbay-overland-rally-planner/internal/adapters/httpapi/oas/api.gen.go:2772.16,2774.3 1 0
eastbay-overland-rally-planner/internal/adapters/httpapi/oas/api.gen.go:2774.8,2774.78 1 0
eastbay-overland-rally-planner/internal/adapters/httpapi/oas/api.gen.go:2774.78,2775.71 1 0
eastbay-overland-rally-planner/internal/adapters/httpapi/oas/api.gen.go:2775.71,2777.4 1 0
eastbay-overland-rally-planner/internal/adapters/httpapi/oas/api.gen.go:2778.8,2778.28 1 0
eastbay-overland-rally-planner/internal/adapters/httpapi/oas/api.gen.go:2778.28,2780.3 1 0
eastbay-overland-rally-planner/internal/adapters/httpapi/oas/api.gen.go:2784.83,2787.121 2 0
eastbay-overland-rally-planner/internal/adapters/httpapi/oas/api.gen.go:2787.121,2789.3 1 0
eastbay-overland-rally-planner/internal/adapters/httpapi/oas/api.gen.go:2790.2,2790.44 1 0
eastbay-overland-rally-planner/internal/adapters/httpapi/oas/api.gen.go:2790.44,2792.3 1 0
eastbay-overland-rally-planner/internal/adapters/httpapi/oas/api.gen.go:2794.2,2796.16 2 0
eastbay-overland-rally-planner/internal/adapters/httpapi/oas/api.gen.go:2796.16,2798.3 1 0
eastbay-overland-rally-planner/internal/adapters/httpapi/oas/api.gen.go:2798.8,2798.79 1 0
eastbay-overland-rally-planner/internal/adapters/httpapi/oas/api.gen.go:2798.79,2799.72 1 0
eastbay-overland-rally-planner/internal/adapters/httpapi/oas/api.gen.go:2799.72,2801.4 1 0
eastbay-overland-rally-planner/internal/adapters/httpapi/oas/api.gen.go:2802.8,2802.28 1 0
eastbay-overland-rally-planner/internal/adapters/httpapi/oas/api.gen.go:2802.28,2804.3 1 0
eastbay-overland-rally-planner/internal/adapters/httpapi/oas/api.gen.go:2808.96,2813.121 3 0
eastbay-overland-rally-planner/internal/adapters/httpapi/oas/api.gen.go:2813.121,2815.3 1 0
eastbay-overland-rally-planner/internal/adapters/httpapi/oas/api.gen.go:2816.2,2816.44 1 0
eastbay-overland-rally-planner/internal/adapters/httpapi/oas/api.gen.go:2816.44,2818.3 1 0
eastbay-overland-rally-planner/internal/adapters/httpapi/oas/api.gen.go:2820.2,2822.16 2 0
eastbay-overland-rally-planner/internal/adapters/httpapi/oas/api.gen.go:2822.16,2824.3 1 0
eastbay-overland-rally-planner/internal/adapters/httpapi/oas/api.gen.go:2824.8,2824.77 1 0
eastbay-overland-rally-planner/internal/adapters/httpapi/oas/api.gen.go:2824.77,2825.70 1 0
eastbay-overland-rally-planner/internal/adapters/httpapi/oas/api.gen.go:2825.70,2827.4 1 0
eastbay-overland-rally-planner/internal/adapters/httpapi/oas/api.gen.go:2828.8,2828.28 1 0
eastbay-overland-rally-planner/internal/adapters/httpapi/oas/api.gen.go:2828.28,2830.3 1 0
eastbay-overland-rally-planner/internal/adapters/httpapi/oas/api.gen.go:2834.117,2841.62 5 0
eastbay-overland-rally-planner/internal/adapters/httpapi/oas/api.gen.go:2841.62,2844.3 2 0
eastbay-overland-rally-planner/internal/adapters/httpapi/oas/api.gen.go:2845.2,2847.121 2 0
eastbay-overland-rally-planner/internal/adapters/httpapi/oas/api.gen.go:2847.121,2849.3 1 0
eastbay-overland-rally-planner/internal/adapters/httpapi/oas/api.gen.go:2850.2,2850.44 1 0
eastbay-overland-rally-planner/internal/adapters/httpapi/oas/api.gen.go:2850.44,2852.3 1 0
eastbay-overland-rally-planner/internal/adapters/httpapi/oas/api.gen.go:2854.2,2856.16 2 0
eastbay-overland-rally-planner/internal/adapters/httpapi/oas/api.gen.go:2856.16,2858.3 1 0
eastbay-overland-rally-planner/internal/adapters/httpapi/oas/api.gen.go:2858.8,2858.73 1 0
eastbay-overland-rally-planner/internal/adapters/httpapi/oas/api.gen.go:2858.73,2859.66 1 0
eastbay-overland-rally-planner/internal/adapters/httpapi/oas/api.gen.go:2859.66,2861.4 1 0
eastbay-overland-rally-planner/internal/adapters/httpapi/oas/api.gen.go:2862.8,2862.28 1 0
eastbay-overland-rally-planner/internal/adapters/httpapi/oas/api.gen.go:2862.28,2864.3 1 0
eastbay-overland-rally-planner/internal/adapters/httpapi/oas/api.gen.go:2868.117,2874.121 4 0
eastbay-overland-rally-planner/internal/adapters/httpapi/oas/api.gen.go:2874.121,2876.3 1 0
eastbay-overland-rally-planner/internal/adapters/httpapi/oas/api.gen.go:2877.2,2877.44 1 0
eastbay-overland-rally-planner/internal/adapters/httpapi/oas/api.gen.go:2877.44,2879.3 1 0
eastbay-overland-rally-planner/internal/adapters/httpapi/oas/api.gen.go:2881.2,2883.16 2 0
eastbay-overland-rally-planner/internal/adapters/httpapi/oas/api.gen.go:2883.16,2885.3 1 0
eastbay-overland-rally-planner/internal/adapters/httpapi/oas/api.gen.go:2885.8,2885.73 1 0
eastbay-overland-rally-planner/internal/adapters/httpapi/oas/api.gen.go:2885.73,2886.66 1 0
eastbay-overland-rally-planner/internal/adapters/httpapi/oas/api.gen.go:2886.66,2888.4 1 0
eastbay-overland-rally-planner/internal/adapters/httpapi/oas/api.gen.go:2889.8,2889.28 1 0
eastbay-overland-rally-planner/internal/adapters/httpapi/oas/api.gen.go:2889.28,2891.3 1 0
eastbay-overland-rally-planner/internal/adapters/httpapi/oas/api.gen.go:2895.141,2902.62 5 0
eastbay-overland-rally-planner/internal/adapters/httpapi/oas/api.gen.go:2902.62,2905.3 2 0
eastbay-overland-rally-planner/internal/adapters/httpapi/oas/api.gen.go:2906.2,2908.121 2 0
eastbay-overland-rally-planner/internal/adapters/httpapi/oas/api.gen.go:2908.121,2910.3 1 0
eastbay-overland-rally-planner/internal/adapters/httpapi/oas/api.gen.go:2911.2,2911.44 1 0
eastbay-overland-rally-planner/internal/adapters/httpapi/oas/api.gen.go:2911.44,2913.3 1 0
eastbay-overland-rally-planner/internal/adapters/httpapi/oas/api.gen.go:2915.2,2917.16 2 0
eastbay-overland-rally-planner/internal/adapters/httpapi/oas/api.gen.go:2917.16,2919.3 1 0
eastbay-overland-rally-planner/internal/adapters/httpapi/oas/api.gen.go:2919.8,2919.85 1 0
eastbay-overland-rally-planner/internal/adapters/httpapi/oas/api.gen.go:2919.85,2920.78 1 0
eastbay-overland-rally-planner/internal/adapters/httpapi/oas/api.gen.go:2920.78,2922.4 1 0
eastbay-overland-rally-planner/internal/adapters/httpapi/oas/api.gen.go:2923.8,2923.28 1 0
eastbay-overland-rally-planner/internal/adapters/httpapi/oas/api.gen.go:2923.28,2925.3 1 0
eastbay-overland-rally-planner/internal/adapters/httpapi/oas/api.gen.go:2929.129,2936.62 5 0
eastbay-overland-rally-planner/internal/adapters/httpapi/oas/api.gen.go:2936.62,2939.3 2 0
eastbay-overland-rally-planner/internal/adapters/httpapi/oas/api.gen.go:2940.2,2942.121 2 0
eastbay-overland-rally-planner/internal/adapters/httpapi/oas/api.gen.go:2942.121,2944.3 1 0
eastbay-overland-rally-planner/internal/adapters/httpapi/oas/api.gen.go:2945.2,2945.44 1 0
eastbay-overland-rally-planner/internal/adapters/httpapi/oas/api.gen.go:2945.44,2947.3 1 0
eastbay-overland-rally-planner/internal/adapters/httpapi/oas/api.gen.go:2949.2,2951.16 2 0
eastbay-overland-rally-planner/internal/adapters/httpapi/oas/api.gen.go:2951.16,2953.3 1 0
eastbay-overland-rally-planner/internal/adapters/httpapi/oas/api.gen.go:2953.8,2953.79 1 0
eastbay-overland-rally-planner/internal/adapters/httpapi/oas/api.gen.go:2953.79,2954.72 1 0
eastbay-overland-rally-planner/internal/adapters/httpapi/oas/api.gen.go:2954.72,2956.4 1 0
eastbay-overland-rally-planner/internal/adapters/httpapi/oas/api.gen.go:2957.8,2957.28 1 0
eastbay-overland-rally-planner/internal/adapters/httpapi/oas/api.gen.go:2957.28,2959.3 1 0
eastbay-overland-rally-planner/internal/adapters/httpapi/oas/api.gen.go:2963.154,2970.121 5 0
eastbay-overland-rally-planner/internal/adapters/httpapi/oas/api.gen.go:2970.121,2972.3 1 0
eastbay-overland-rally-planner/internal/adapters/httpapi/oas/api.gen.go:2973.2,2973.44 1 0
eastbay-overland-rally-planner/internal/adapters/httpapi/oas/api.gen.go:2973.44,2975.3 1 0
eastbay-overland-rally-planner/internal/adapters/httpapi/oas/api.gen.go:2977.2,2979.16 2 0
eastbay-overland-rally-planner/internal/adapters/httpapi/oas/api.gen.go:2979.16,2981.3 1 0
eastbay-overland-rally-planner/internal/adapters/httpapi/oas/api.gen.go:2981.8,2981.82 1 0
eastbay-overland-rally-planner/internal/adapters/httpapi/oas/api.gen.go:2981.82,2982.75 1 0
eastbay-overland-rally-planner/internal/adapters/httpapi/oas/api.gen.go:2982.75,2984.4 1 0
eastbay-overland-rally-planner/internal/adapters/httpapi/oas/api.gen.go:2985.8,2985.28 1 0
eastbay-overland-rally-planner/internal/adapters/httpapi/oas/api.gen.go:2985.28,2987.3 1 0
eastbay-overland-rally-planner/internal/adapters/httpapi/oas/api.gen.go:2991.93,2996.121 3 0
eastbay-overland-rally-planner/internal/adapters/httpapi/oas/api.gen.go:2996.121,2998.3 1 0
eastbay-overland-rally-planner/internal/adapters/httpapi/oas/api.gen.go:2999.2,2999.44 1 0
eastbay-overland-rally-planner/internal/adapters/httpapi/oas/api.gen.go:2999.44,3001.3 1 0
eastbay-overland-rally-planner/internal/adapters/httpapi/oas/api.gen.go:3003.2,3005.16 2 0
eastbay-overland-rally-planner/internal/adapters/httpapi/oas/api.gen.go:3005.16,3007.3 1 0
eastbay-overland-rally-planner/internal/adapters/httpapi/oas/api.gen.go:3007.8,3007.74 1 0
eastbay-overland-rally-planner/internal/adapters/httpapi/oas/api.gen.go:3007.74,3008.67 1 0
eastbay-overland-rally-planner/internal/adapters/httpapi/oas/api.gen.go:3008.67,3010.4 1 0
eastbay-overland-rally-planner/internal/adapters/httpapi/oas/api.gen.go:3011.8,3011.28 1 0
eastbay-overland-rally-planner/internal/adapters/httpapi/oas/api.gen.go:3011.28,3013.3 1 0
eastbay-overland-rally-planner/internal/adapters/httpapi/oas/api.gen.go:3017.115,3024.62 5 0
eastbay-overland-rally-planner/internal/adapters/httpapi/oas/api.gen.go:3024.62,3027.3 2 0
eastbay-overland-rally-planner/internal/adapters/httpapi/oas/api.gen.go:3028.2,3030.121 2 0
eastbay-overland-rally-planner/internal/adapters/httpapi/oas/api.gen.go:3030.121,3032.3 1 0
eastbay-overland-rally-planner/internal/adapters/httpapi/oas/api.gen.go:3033.2,3033.44 1 0
eastbay-overland-rally-planner/internal/adapters/httpapi/oas/api.gen.go:3033.44,3035.3 1 0
eastbay-overland-rally-planner/internal/adapters/httpapi/oas/api.gen.go:3037.2,3039.16 2 0
eastbay-overland-rally-planner/internal/adapters/httpapi/oas/api.gen.go:3039.16,3041.3 1 0
eastbay-overland-rally-planner/internal/adapters/httpapi/oas/api.gen.go:3041.8,3041.72 1 0
eastbay-overland-rally-planner/internal/adapters/httpapi/oas/api.gen.go:3041.72,3042.65 1 0
eastbay-overland-rally-planner/internal/adapters/httpapi/oas/api.gen.go:3042.65,3044.4 1 0
eastbay-overland-rally-planner/internal/adapters/httpapi/oas/api.gen.go:3045.8,3045.28 1 0
eastbay-overland-rally-planner/internal/adapters/httpapi/oas/api.gen.go:3045.28,3047.3 1 0
eastbay-overland-rally-planner/internal/adapters/httpapi/oas/api.gen.go:3051.98,3056.121 3 0
eastbay-overland-rally-planner/internal/adapters/httpapi/oas/api.gen.go:3056.121,3058.3 1 0
eastbay-overland-rally-planner/internal/adapters/httpapi/oas/api.gen.go:3059.2,3059.44 1 0
eastbay-overland-rally-planner/internal/adapters/httpapi/oas/api.gen.go:3059.44,3061.3 1 0
eastbay-overland-rally-planner/internal/adapters/httpapi/oas/api.gen.go:3063.2,3065.16 2 0
eastbay-overland-rally-planner/internal/adapters/httpapi/oas/api.gen.go:3065.16,3067.3 1 0
eastbay-overland-rally-planner/internal/adapters/httpapi/oas/api.gen.go:3067.8,3067.79 1 0
eastbay-overland-rally-planner/internal/adapters/httpapi/oas/api.gen.go:3067.79,3068.72 1 0
eastbay-overland-rally-planner/internal/adapters/httpapi/oas/api.gen.go:3068.72,3070.4 1 0
eastbay-overland-rally-planner/internal/adapters/httpapi/oas/api.gen.go:3071.8,3071.28 1 0
eastbay-overland-rally-planner/internal/adapters/httpapi/oas/api.gen.go:3071.28,3073.3 1 0
eastbay-overland-rally-planner/internal/adapters/httpapi/oas/api.gen.go:3077.100,3082.121 3 0
eastbay-overland-rally-planner/internal/adapters/httpapi/oas/api.gen.go:3082.121,3084.3 1 0
eastbay-overland-rally-planner/internal/adapters/httpapi/oas/api.gen.go:3085.2,3085.44 1 0
eastbay-overland-rally-planner/internal/adapters/httpapi/oas/api.gen.go:3085.44,3087.3 1 0
eastbay-overland-rally-planner/internal/adapters/httpapi/oas/api.gen.go:3089.2,3091.16 2 0
eastbay-overland-rally-planner/internal/adapters/httpapi/oas/api.gen.go:3091.16,3093.3 1 0
eastbay-overland-rally-planner/internal/adapters/httpapi/oas/api.gen.go:3093.8,3093.81 1 0
eastbay-overland-rally-planner/internal/adapters/httpapi/oas/api.gen.go:3093.81,3094.74 1 0
eastbay-overland-rally-planner/internal/adapters/httpapi/oas/api.gen.go:3094.74,3096.4 1 0
eastbay-overland-rally-planner/internal/adapters/httpapi/oas/api.gen.go:3097.8,3097.28 1 0
eastbay-overland-rally-planner/internal/adapters/httpapi/oas/api.gen.go:3097.28,3099.3 1 0
